<?xml version="1.0" encoding="UTF-8"?>
<testng-results ignored="0" total="3" passed="2" failed="1" skipped="0">
  <reporter-output>
  </reporter-output>
  <suite started-at="2025-06-29T17:42:46 IST" name="SuiteTest" finished-at="2025-06-29T17:42:59 IST" duration-ms="12922">
    <groups>
    </groups>
    <test started-at="2025-06-29T17:42:46 IST" name="MyTest" finished-at="2025-06-29T17:42:59 IST" duration-ms="12922">
      <class name="TestClasses.LoginTestInfinity1">
        <test-method is-config="true" signature="browserInitForNormalTests()[pri:0, instance:TestClasses.LoginTestInfinity1@687e99d8]" started-at="2025-06-29T17:42:46 IST" name="browserInitForNormalTests" finished-at="2025-06-29T17:42:48 IST" duration-ms="2161" status="PASS">
          <reporter-output>
          </reporter-output>
        </test-method> <!-- browserInitForNormalTests -->
        <test-method is-config="true" signature="initialization()[pri:0, instance:TestClasses.LoginTestInfinity1@687e99d8]" started-at="2025-06-29T17:42:48 IST" name="initialization" finished-at="2025-06-29T17:42:48 IST" duration-ms="27" status="PASS">
          <reporter-output>
          </reporter-output>
        </test-method> <!-- initialization -->
        <test-method signature="login()[pri:1, instance:TestClasses.LoginTestInfinity1@687e99d8]" started-at="2025-06-29T17:42:48 IST" name="login" finished-at="2025-06-29T17:42:48 IST" duration-ms="431" status="PASS">
          <reporter-output>
          </reporter-output>
        </test-method> <!-- login -->
        <test-method signature="addingItems()[pri:2, instance:TestClasses.LoginTestInfinity1@687e99d8]" started-at="2025-06-29T17:42:48 IST" name="addingItems" finished-at="2025-06-29T17:42:55 IST" duration-ms="6414" status="PASS">
          <reporter-output>
          </reporter-output>
        </test-method> <!-- addingItems -->
        <test-method signature="verifyCartPage()[pri:3, instance:TestClasses.LoginTestInfinity1@687e99d8]" started-at="2025-06-29T17:42:55 IST" name="verifyCartPage" finished-at="2025-06-29T17:42:58 IST" duration-ms="3354" status="FAIL">
          <exception class="java.lang.AssertionError">
            <message>
              <![CDATA[expected [false] but found [true]]]>
            </message>
            <full-stacktrace>
              <![CDATA[java.lang.AssertionError: expected [false] but found [true]
at org.testng.Assert.fail(Assert.java:111)
at org.testng.Assert.failNotEquals(Assert.java:1590)
at org.testng.Assert.assertFalse(Assert.java:79)
at org.testng.Assert.assertFalse(Assert.java:89)
at TestClasses.LoginTestInfinity1.verifyCartPage(LoginTestInfinity1.java:85)
at java.base/jdk.internal.reflect.DirectMethodHandleAccessor.invoke(DirectMethodHandleAccessor.java:103)
at java.base/java.lang.reflect.Method.invoke(Method.java:580)
at org.testng.internal.invokers.MethodInvocationHelper.invokeMethod(MethodInvocationHelper.java:141)
at org.testng.internal.invokers.TestInvoker.invokeMethod(TestInvoker.java:687)
at org.testng.internal.invokers.TestInvoker.invokeTestMethod(TestInvoker.java:230)
at org.testng.internal.invokers.MethodRunner.runInSequence(MethodRunner.java:63)
at org.testng.internal.invokers.TestInvoker$MethodInvocationAgent.invoke(TestInvoker.java:995)
at org.testng.internal.invokers.TestInvoker.invokeTestMethods(TestInvoker.java:203)
at org.testng.internal.invokers.TestMethodWorker.invokeTestMethods(TestMethodWorker.java:154)
at org.testng.internal.invokers.TestMethodWorker.run(TestMethodWorker.java:134)
at java.base/java.util.ArrayList.forEach(ArrayList.java:1596)
at org.testng.TestRunner.privateRun(TestRunner.java:741)
at org.testng.TestRunner.run(TestRunner.java:616)
at org.testng.SuiteRunner.runTest(SuiteRunner.java:421)
at org.testng.SuiteRunner.runSequentially(SuiteRunner.java:413)
at org.testng.SuiteRunner.privateRun(SuiteRunner.java:373)
at org.testng.SuiteRunner.run(SuiteRunner.java:312)
at org.testng.SuiteRunnerWorker.runSuite(SuiteRunnerWorker.java:52)
at org.testng.SuiteRunnerWorker.run(SuiteRunnerWorker.java:95)
at org.testng.TestNG.runSuitesSequentially(TestNG.java:1274)
at org.testng.TestNG.runSuitesLocally(TestNG.java:1208)
at org.testng.TestNG.runSuites(TestNG.java:1112)
at org.testng.TestNG.run(TestNG.java:1079)
at org.testng.remote.AbstractRemoteTestNG.run(AbstractRemoteTestNG.java:115)
at org.testng.remote.RemoteTestNG.initAndRun(RemoteTestNG.java:293)
at org.testng.remote.RemoteTestNG.main(RemoteTestNG.java:91)
]]>
            </full-stacktrace>
          </exception> <!-- java.lang.AssertionError -->
          <reporter-output>
          </reporter-output>
        </test-method> <!-- verifyCartPage -->
        <test-method is-config="true" signature="closeBrowserForNormalTests()[pri:0, instance:TestClasses.LoginTestInfinity1@687e99d8]" started-at="2025-06-29T17:42:58 IST" name="closeBrowserForNormalTests" finished-at="2025-06-29T17:42:59 IST" duration-ms="307" status="PASS">
          <reporter-output>
          </reporter-output>
        </test-method> <!-- closeBrowserForNormalTests -->
      </class> <!-- TestClasses.LoginTestInfinity1 -->
    </test> <!-- MyTest -->
  </suite> <!-- SuiteTest -->
</testng-results>
