<?xml version="1.0" encoding="UTF-8"?>
<!-- Generated by org.testng.reporters.JUnitXMLReporter -->
<testsuite ignored="0" hostname="LAPTOP-9TAIR1IM" failures="1" tests="3" name="MyTest" time="12.922" errors="0" timestamp="2025-06-29T17:42:59 IST">
  <testcase classname="TestClasses.LoginTestInfinity1" name="login" time="0.431"/>
  <testcase classname="TestClasses.LoginTestInfinity1" name="addingItems" time="6.414"/>
  <testcase classname="TestClasses.LoginTestInfinity1" name="verifyCartPage" time="3.354">
    <failure type="java.lang.AssertionError" message="expected [false] but found [true]">
      <![CDATA[java.lang.AssertionError: expected [false] but found [true]
at TestClasses.LoginTestInfinity1.verifyCartPage(LoginTestInfinity1.java:85)
at java.base/java.util.ArrayList.forEach(ArrayList.java:1596)
... Removed 29 stack frames]]>
    </failure>
  </testcase> <!-- verifyCartPage -->
</testsuite> <!-- MyTest -->
