<?xml version="1.0" encoding="UTF-8"?>
<!-- Generated by org.testng.reporters.JUnitXMLReporter -->
<testsuite ignored="0" hostname="LAPTOP-9TAIR1IM" failures="1" tests="3" name="MyTest" time="11.197" errors="0" timestamp="2025-06-30T10:37:23 IST">
  <testcase classname="TestClasses.LoginTestInfinity1" name="login" time="0.57"/>
  <testcase classname="TestClasses.LoginTestInfinity1" name="addingItems" time="6.975"/>
  <testcase classname="TestClasses.LoginTestInfinity1" name="verifyCartPage" time="0.184">
    <failure type="java.lang.AssertionError" message="expected [false] but found [true]">
      <![CDATA[java.lang.AssertionError: expected [false] but found [true]
at TestClasses.LoginTestInfinity1.verifyCartPage(LoginTestInfinity1.java:84)
at java.base/java.util.ArrayList.forEach(ArrayList.java:1511)
... Removed 35 stack frames]]>
    </failure>
  </testcase> <!-- verifyCartPage -->
</testsuite> <!-- MyTest -->
